<?xml version="1.0" encoding="UTF-8"?>
<testsuite name="redis.clients.jedis.tests.HostAndPortTest" tests="8" skipped="0" failures="0" errors="0" timestamp="2017-10-09T03:06:05" hostname="Georges-MacBook-Pro.local" time="0.154">
  <properties/>
  <testcase name="checkExtractParts" classname="redis.clients.jedis.tests.HostAndPortTest" time="0.084"/>
  <testcase name="checkParseString" classname="redis.clients.jedis.tests.HostAndPortTest" time="0.006"/>
  <testcase name="equals" classname="redis.clients.jedis.tests.HostAndPortTest" time="0.025"/>
  <testcase name="getLocalhost" classname="redis.clients.jedis.tests.HostAndPortTest" time="0.006"/>
  <testcase name="checkParseStringWithoutPort" classname="redis.clients.jedis.tests.HostAndPortTest" time="0.002"/>
  <testcase name="setLocalhost" classname="redis.clients.jedis.tests.HostAndPortTest" time="0.002"/>
  <testcase name="getLocalhostQuietly" classname="redis.clients.jedis.tests.HostAndPortTest" time="0.02"/>
  <testcase name="checkConvertHost" classname="redis.clients.jedis.tests.HostAndPortTest" time="0.003"/>
  <system-out><![CDATA[]]></system-out>
  <system-err><![CDATA[SLF4J: Failed to load class "org.slf4j.impl.StaticLoggerBinder".
SLF4J: Defaulting to no-operation (NOP) logger implementation
SLF4J: See http://www.slf4j.org/codes.html#StaticLoggerBinder for further details.
]]></system-err>
</testsuite>
