<?xml version="1.0" encoding="UTF-8"?>
<testsuite name="redis.clients.jedis.tests.TupleTest" tests="2" skipped="0" failures="0" errors="0" timestamp="2017-10-09T03:06:06" hostname="Georges-MacBook-Pro.local" time="0.017">
  <properties/>
  <testcase name="tupleCompare" classname="redis.clients.jedis.tests.TupleTest" time="0.014"/>
  <testcase name="testCompareTo" classname="redis.clients.jedis.tests.TupleTest" time="0.003"/>
  <system-out><![CDATA[]]></system-out>
  <system-err><![CDATA[]]></system-err>
</testsuite>
