<?xml version="1.0" encoding="UTF-8"?>
<testsuite name="redis.clients.jedis.tests.HostAndPortTest" tests="8" skipped="0" failures="0" errors="0" timestamp="2017-10-08T19:52:03" hostname="Georges-MacBook-Pro.local" time="0.054">
  <properties/>
  <testcase name="checkExtractParts" classname="redis.clients.jedis.tests.HostAndPortTest" time="0.032"/>
  <testcase name="checkParseString" classname="redis.clients.jedis.tests.HostAndPortTest" time="0.007"/>
  <testcase name="equals" classname="redis.clients.jedis.tests.HostAndPortTest" time="0.002"/>
  <testcase name="getLocalhost" classname="redis.clients.jedis.tests.HostAndPortTest" time="0.003"/>
  <testcase name="checkParseStringWithoutPort" classname="redis.clients.jedis.tests.HostAndPortTest" time="0.002"/>
  <testcase name="setLocalhost" classname="redis.clients.jedis.tests.HostAndPortTest" time="0.002"/>
  <testcase name="getLocalhostQuietly" classname="redis.clients.jedis.tests.HostAndPortTest" time="0.002"/>
  <testcase name="checkConvertHost" classname="redis.clients.jedis.tests.HostAndPortTest" time="0.004"/>
  <system-out><![CDATA[]]></system-out>
  <system-err><![CDATA[log4j:WARN No appenders could be found for logger (redis.clients.jedis.HostAndPort).
log4j:WARN Please initialize the log4j system properly.
log4j:WARN See http://logging.apache.org/log4j/1.2/faq.html#noconfig for more info.
]]></system-err>
</testsuite>
