<?xml version="1.0" encoding="UTF-8"?>
<testsuite name="redis.clients.jedis.tests.BuilderFactoryTest" tests="1" skipped="0" failures="0" errors="0" timestamp="2017-10-08T19:52:03" hostname="Georges-MacBook-Pro.local" time="0.061">
  <properties/>
  <testcase name="buildDouble" classname="redis.clients.jedis.tests.BuilderFactoryTest" time="0.061"/>
  <system-out><![CDATA[]]></system-out>
  <system-err><![CDATA[]]></system-err>
</testsuite>
