<?xml version="1.0" encoding="UTF-8"?>
<testsuite name="redis.clients.jedis.tests.utils.JedisClusterCRC16Test" tests="2" skipped="0" failures="0" errors="0" timestamp="2017-10-08T19:52:03" hostname="Georges-MacBook-Pro.local" time="0.014">
  <properties/>
  <testcase name="testGetCRC16" classname="redis.clients.jedis.tests.utils.JedisClusterCRC16Test" time="0.005"/>
  <testcase name="testGetSlot" classname="redis.clients.jedis.tests.utils.JedisClusterCRC16Test" time="0.009"/>
  <system-out><![CDATA[]]></system-out>
  <system-err><![CDATA[]]></system-err>
</testsuite>
