<?xml version="1.0" encoding="UTF-8"?>
<testsuite name="redis.clients.jedis.tests.ShardedJedisTest" tests="6" skipped="0" failures="0" errors="0" timestamp="2017-10-09T03:06:05" hostname="Georges-MacBook-Pro.local" time="0.21">
  <properties/>
  <testcase name="testMD5Sharding" classname="redis.clients.jedis.tests.ShardedJedisTest" time="0.069"/>
  <testcase name="checkKeyTags" classname="redis.clients.jedis.tests.ShardedJedisTest" time="0.018"/>
  <testcase name="testMasterSlaveShardingConsistencyWithShardNaming" classname="redis.clients.jedis.tests.ShardedJedisTest" time="0.025"/>
  <testcase name="testMurmurSharding" classname="redis.clients.jedis.tests.ShardedJedisTest" time="0.017"/>
  <testcase name="checkSharding" classname="redis.clients.jedis.tests.ShardedJedisTest" time="0.028"/>
  <testcase name="testMasterSlaveShardingConsistency" classname="redis.clients.jedis.tests.ShardedJedisTest" time="0.048"/>
  <system-out><![CDATA[]]></system-out>
  <system-err><![CDATA[]]></system-err>
</testsuite>
