<?xml version="1.0" encoding="UTF-8"?>
<testsuite name="redis.clients.jedis.tests.ConnectionTest" tests="2" skipped="0" failures="0" errors="0" timestamp="2017-10-09T03:06:05" hostname="Georges-MacBook-Pro.local" time="0.005">
  <properties/>
  <testcase name="checkUnkownHost" classname="redis.clients.jedis.tests.ConnectionTest" time="0.002"/>
  <testcase name="checkWrongPort" classname="redis.clients.jedis.tests.ConnectionTest" time="0.002"/>
  <system-out><![CDATA[]]></system-out>
  <system-err><![CDATA[]]></system-err>
</testsuite>
