<?xml version="1.0" encoding="UTF-8"?>
<testsuite name="redis.clients.jedis.tests.utils.JedisURIHelperTest" tests="6" skipped="0" failures="0" errors="0" timestamp="2017-10-09T03:06:06" hostname="Georges-MacBook-Pro.local" time="0.023">
  <properties/>
  <testcase name="shouldGetDbFromURIWithoutCredentials" classname="redis.clients.jedis.tests.utils.JedisURIHelperTest" time="0.006"/>
  <testcase name="shouldGetPasswordFromURIWithCredentials" classname="redis.clients.jedis.tests.utils.JedisURIHelperTest" time="0.002"/>
  <testcase name="shouldReturnNullIfURIDoesNotHaveCredentials" classname="redis.clients.jedis.tests.utils.JedisURIHelperTest" time="0.003"/>
  <testcase name="shouldGetDefaultDbFromURIIfNoDbWasSpecified" classname="redis.clients.jedis.tests.utils.JedisURIHelperTest" time="0.003"/>
  <testcase name="shouldGetDbFromURIWithCredentials" classname="redis.clients.jedis.tests.utils.JedisURIHelperTest" time="0.003"/>
  <testcase name="shouldValidateInvalidURIs" classname="redis.clients.jedis.tests.utils.JedisURIHelperTest" time="0.003"/>
  <system-out><![CDATA[]]></system-out>
  <system-err><![CDATA[]]></system-err>
</testsuite>
