<?xml version="1.0" encoding="UTF-8"?>
<testsuite name="redis.clients.jedis.tests.ConnectionCloseTest" tests="2" skipped="0" failures="0" errors="0" timestamp="2017-10-09T03:06:05" hostname="Georges-MacBook-Pro.local" time="0.045">
  <properties/>
  <testcase name="checkUnkownHost" classname="redis.clients.jedis.tests.ConnectionCloseTest" time="0.028"/>
  <testcase name="checkWrongPort" classname="redis.clients.jedis.tests.ConnectionCloseTest" time="0.016"/>
  <system-out><![CDATA[]]></system-out>
  <system-err><![CDATA[]]></system-err>
</testsuite>
