<?xml version="1.0" encoding="UTF-8"?>
<testsuite name="redis.clients.jedis.tests.JedisSentinelPoolTest" tests="2" skipped="0" failures="0" errors="0" timestamp="2017-10-08T19:52:03" hostname="Georges-MacBook-Pro.local" time="0.037">
  <properties/>
  <testcase name="initializeWithNotMonitoredMasterNameShouldThrowException" classname="redis.clients.jedis.tests.JedisSentinelPoolTest" time="0.034"/>
  <testcase name="initializeWithNotAvailableSentinelsShouldThrowException" classname="redis.clients.jedis.tests.JedisSentinelPoolTest" time="0.003"/>
  <system-out><![CDATA[]]></system-out>
  <system-err><![CDATA[]]></system-err>
</testsuite>
