<?xml version="1.0" encoding="UTF-8"?>
<testsuite name="redis.clients.jedis.tests.ConnectionCloseTest" tests="2" skipped="0" failures="0" errors="0" timestamp="2017-10-08T19:52:03" hostname="Georges-MacBook-Pro.local" time="0.017">
  <properties/>
  <testcase name="checkUnkownHost" classname="redis.clients.jedis.tests.ConnectionCloseTest" time="0.011"/>
  <testcase name="checkWrongPort" classname="redis.clients.jedis.tests.ConnectionCloseTest" time="0.006"/>
  <system-out><![CDATA[]]></system-out>
  <system-err><![CDATA[]]></system-err>
</testsuite>
