<?xml version="1.0" encoding="UTF-8"?>
<testsuite name="redis.clients.jedis.tests.TupleTest" tests="2" skipped="0" failures="0" errors="0" timestamp="2017-10-08T19:52:03" hostname="Georges-MacBook-Pro.local" time="0.006">
  <properties/>
  <testcase name="tupleCompare" classname="redis.clients.jedis.tests.TupleTest" time="0.004"/>
  <testcase name="testCompareTo" classname="redis.clients.jedis.tests.TupleTest" time="0.002"/>
  <system-out><![CDATA[]]></system-out>
  <system-err><![CDATA[]]></system-err>
</testsuite>
