<?xml version="1.0" encoding="UTF-8"?>
<testsuite name="redis.clients.jedis.tests.TupleTestNew" tests="3" skipped="0" failures="0" errors="0" timestamp="2017-10-08T19:52:03" hostname="Georges-MacBook-Pro.local" time="0.0">
  <properties/>
  <testcase name="compareTo" classname="redis.clients.jedis.tests.TupleTestNew" time="0.0"/>
  <testcase name="equals" classname="redis.clients.jedis.tests.TupleTestNew" time="0.0"/>
  <testcase name="getScore" classname="redis.clients.jedis.tests.TupleTestNew" time="0.0"/>
  <system-out><![CDATA[]]></system-out>
  <system-err><![CDATA[]]></system-err>
</testsuite>
